add	LICENSE
add	examples/c/ex_access.c
add	examples/c/ex_all.c
add	examples/c/ex_call_center.c
add	examples/c/ex_config.c
add	examples/c/ex_cursor.c
add	examples/c/ex_extending.c
add	examples/c/ex_hello.c
add	examples/c/ex_pack.c
add	examples/c/ex_process.c
add	examples/c/ex_schema.c
add	examples/c/ex_sequence.c
add	examples/c/ex_stat.c
add	examples/c/ex_thread.c
add	examples/c/ex_tpcb.c
add	examples/c/ex_transaction.c
skip	src/api/config_def.c
skip	src/api/strerror.c
skip	src/include/bitstring.i
skip	src/include/extern.h
skip	src/include/log.i
skip	src/include/queue.h
skip	src/include/serial.i
skip	src/log/log_desc.c
skip	src/support/cksum.c
skip	src/support/rand.c
skip	src/support/stat.c
